<?xml version="1.0" encoding="UTF-8"?>
<testsuite xmlns:xsi="http://www.w3.org/2001/XMLSchema-instance" xsi:noNamespaceSchemaLocation="https://maven.apache.org/surefire/maven-surefire-plugin/xsd/surefire-test-report-3.0.xsd" version="3.0" name="com.miles_collins.MiningControllerTest" time="0.031" tests="7" errors="0" skipped="0" failures="5">
  <properties>
    <property name="java.specification.version" value="22"/>
    <property name="sun.cpu.isalist" value="amd64"/>
    <property name="sun.jnu.encoding" value="Cp1252"/>
    <property name="java.class.path" value="C:\Users\miles\Computer-Science\Java\moon_miner\Java-Moon_Miner\moon_miner\target\test-classes;C:\Users\miles\Computer-Science\Java\moon_miner\Java-Moon_Miner\moon_miner\target\classes;C:\Users\miles\.m2\repository\org\junit\jupiter\junit-jupiter-api\5.8.1\junit-jupiter-api-5.8.1.jar;C:\Users\miles\.m2\repository\org\opentest4j\opentest4j\1.2.0\opentest4j-1.2.0.jar;C:\Users\miles\.m2\repository\org\junit\platform\junit-platform-commons\1.8.1\junit-platform-commons-1.8.1.jar;C:\Users\miles\.m2\repository\org\apiguardian\apiguardian-api\1.1.2\apiguardian-api-1.1.2.jar;C:\Users\miles\.m2\repository\org\junit\jupiter\junit-jupiter-engine\5.8.1\junit-jupiter-engine-5.8.1.jar;C:\Users\miles\.m2\repository\org\junit\platform\junit-platform-engine\1.8.1\junit-platform-engine-1.8.1.jar;"/>
    <property name="java.vm.vendor" value="Oracle Corporation"/>
    <property name="sun.arch.data.model" value="64"/>
    <property name="user.variant" value=""/>
    <property name="java.vendor.url" value="https://java.oracle.com/"/>
    <property name="user.timezone" value="America/Los_Angeles"/>
    <property name="os.name" value="Windows 10"/>
    <property name="java.vm.specification.version" value="22"/>
    <property name="sun.java.launcher" value="SUN_STANDARD"/>
    <property name="user.country" value="US"/>
    <property name="sun.boot.library.path" value="C:\Program Files\Java\jdk-22\bin"/>
    <property name="sun.java.command" value="C:\Users\miles\AppData\Local\Temp\surefire13132368243095479806\surefirebooter17727117087970652313.jar C:\Users\miles\AppData\Local\Temp\surefire13132368243095479806 2025-01-15T21-09-54_360-jvmRun1 surefire11430012042351258609tmp surefire_04019583872992813204tmp"/>
    <property name="jdk.debug" value="release"/>
    <property name="surefire.test.class.path" value="C:\Users\miles\Computer-Science\Java\moon_miner\Java-Moon_Miner\moon_miner\target\test-classes;C:\Users\miles\Computer-Science\Java\moon_miner\Java-Moon_Miner\moon_miner\target\classes;C:\Users\miles\.m2\repository\org\junit\jupiter\junit-jupiter-api\5.8.1\junit-jupiter-api-5.8.1.jar;C:\Users\miles\.m2\repository\org\opentest4j\opentest4j\1.2.0\opentest4j-1.2.0.jar;C:\Users\miles\.m2\repository\org\junit\platform\junit-platform-commons\1.8.1\junit-platform-commons-1.8.1.jar;C:\Users\miles\.m2\repository\org\apiguardian\apiguardian-api\1.1.2\apiguardian-api-1.1.2.jar;C:\Users\miles\.m2\repository\org\junit\jupiter\junit-jupiter-engine\5.8.1\junit-jupiter-engine-5.8.1.jar;C:\Users\miles\.m2\repository\org\junit\platform\junit-platform-engine\1.8.1\junit-platform-engine-1.8.1.jar;"/>
    <property name="sun.cpu.endian" value="little"/>
    <property name="user.home" value="C:\Users\miles"/>
    <property name="user.language" value="en"/>
    <property name="java.specification.vendor" value="Oracle Corporation"/>
    <property name="java.version.date" value="2024-07-16"/>
    <property name="java.home" value="C:\Program Files\Java\jdk-22"/>
    <property name="file.separator" value="\"/>
    <property name="basedir" value="C:\Users\miles\Computer-Science\Java\moon_miner\Java-Moon_Miner\moon_miner"/>
    <property name="java.vm.compressedOopsMode" value="Zero based"/>
    <property name="line.separator" value="&#10;"/>
    <property name="java.vm.specification.vendor" value="Oracle Corporation"/>
    <property name="java.specification.name" value="Java Platform API Specification"/>
    <property name="surefire.real.class.path" value="C:\Users\miles\AppData\Local\Temp\surefire13132368243095479806\surefirebooter17727117087970652313.jar"/>
    <property name="user.script" value=""/>
    <property name="sun.management.compiler" value="HotSpot 64-Bit Tiered Compilers"/>
    <property name="java.runtime.version" value="22.0.2+9-70"/>
    <property name="user.name" value="miles"/>
    <property name="stdout.encoding" value="Cp1252"/>
    <property name="path.separator" value=";"/>
    <property name="os.version" value="10.0"/>
    <property name="java.runtime.name" value="Java(TM) SE Runtime Environment"/>
    <property name="file.encoding" value="UTF-8"/>
    <property name="java.vm.name" value="Java HotSpot(TM) 64-Bit Server VM"/>
    <property name="localRepository" value="C:\Users\miles\.m2\repository"/>
    <property name="java.vendor.url.bug" value="https://bugreport.java.com/bugreport/"/>
    <property name="java.io.tmpdir" value="C:\Users\miles\AppData\Local\Temp\"/>
    <property name="java.version" value="22.0.2"/>
    <property name="user.dir" value="C:\Users\miles\Computer-Science\Java\moon_miner\Java-Moon_Miner\moon_miner"/>
    <property name="os.arch" value="amd64"/>
    <property name="java.vm.specification.name" value="Java Virtual Machine Specification"/>
    <property name="sun.os.patch.level" value=""/>
    <property name="native.encoding" value="Cp1252"/>
    <property name="java.library.path" value="C:\Program Files\Java\jdk-22\bin;C:\WINDOWS\Sun\Java\bin;C:\WINDOWS\system32;C:\WINDOWS;C:\Program Files\Common Files\Oracle\Java\javapath;C:\WINDOWS\system32;C:\WINDOWS;C:\WINDOWS\System32\Wbem;C:\WINDOWS\System32\WindowsPowerShell\v1.0\;C:\WINDOWS\System32\OpenSSH\;C:\Program Files\dotnet\;C:\Program Files\NVIDIA Corporation\NVIDIA NvDLISR;C:\Program Files (x86)\NVIDIA Corporation\PhysX\Common;C:\Program Files\nodejs\;C:\Program Files\Git\cmd;C:\Program Files\Git\mingw64\bin;C:\Program Files\Git\usr\bin;D:\Program Files\apache-maven-3.9.9\bin;C:\Users\miles\AppData\Local\Microsoft\WindowsApps;C:\Users\miles\AppData\Local\Programs\Microsoft VS Code\bin;C:\Users\miles\.dotnet\tools;C:\Users\miles\AppData\Roaming\npm;C:\Users\miles\AppData\Local\GitHubDesktop\bin;C:\Users\miles\Downloads\apache-maven-3.9.9-bin\apache-maven-3.9.9\bin\apache-maven-3.9.9-bin;;D:\IntelliJ IDEA 2024.3.1\bin;;."/>
    <property name="java.vm.info" value="mixed mode, sharing"/>
    <property name="stderr.encoding" value="Cp1252"/>
    <property name="java.vendor" value="Oracle Corporation"/>
    <property name="java.vm.version" value="22.0.2+9-70"/>
    <property name="sun.io.unicode.encoding" value="UnicodeLittle"/>
    <property name="java.class.version" value="66.0"/>
  </properties>
  <testcase name="testUpgradeRoverWithoutBuying" classname="com.miles_collins.MiningControllerTest" time="0.006">
    <system-out><![CDATA[No rover to upgrade. Please buy a rover first.
]]></system-out>
  </testcase>
  <testcase name="testBuyRoverAfterUpgrades" classname="com.miles_collins.MiningControllerTest" time="0.007">
    <failure type="org.opentest4j.AssertionFailedError"><![CDATA[org.opentest4j.AssertionFailedError: expected: <400> but was: <550>
	at com.miles_collins.MiningControllerTest.testBuyRoverAfterUpgrades(MiningControllerTest.java:103)
]]></failure>
    <system-out><![CDATA[Bought: Rover with cost: 100
Cash: 900
Rover upgraded to level 2. New cost: 150
Upgraded: Rover to level: 2 with new cost: 150
Rover upgraded to level 3. New cost: 225
Upgraded: Rover to level: 3 with new cost: 225
Bought: Rover with cost: 100
Cash: 550
]]></system-out>
  </testcase>
  <testcase name="testBuyRoverWithoutEnoughCash" classname="com.miles_collins.MiningControllerTest" time="0.002">
    <failure type="org.opentest4j.AssertionFailedError"><![CDATA[org.opentest4j.AssertionFailedError: expected: <null> but was: <com.miles_collins.models.items.click.Rover@7722c3c3>
	at com.miles_collins.MiningControllerTest.testBuyRoverWithoutEnoughCash(MiningControllerTest.java:81)
]]></failure>
    <system-out><![CDATA[Not enough cash to buy a rover.
]]></system-out>
  </testcase>
  <testcase name="testUpgradeRover" classname="com.miles_collins.MiningControllerTest" time="0.001">
    <failure type="org.opentest4j.AssertionFailedError"><![CDATA[org.opentest4j.AssertionFailedError: expected: <750> but was: <800>
	at com.miles_collins.MiningControllerTest.testUpgradeRover(MiningControllerTest.java:43)
]]></failure>
    <system-out><![CDATA[Bought: Rover with cost: 100
Cash: 900
Rover upgraded to level 2. New cost: 150
Upgraded: Rover to level: 2 with new cost: 150
]]></system-out>
  </testcase>
  <testcase name="testBuyRover" classname="com.miles_collins.MiningControllerTest" time="0.001">
    <system-out><![CDATA[Bought: Rover with cost: 100
Cash: 900
]]></system-out>
  </testcase>
  <testcase name="testUpgradeRoverTwice" classname="com.miles_collins.MiningControllerTest" time="0.001">
    <failure type="org.opentest4j.AssertionFailedError"><![CDATA[org.opentest4j.AssertionFailedError: expected: <525> but was: <650>
	at com.miles_collins.MiningControllerTest.testUpgradeRoverTwice(MiningControllerTest.java:55)
]]></failure>
    <system-out><![CDATA[Bought: Rover with cost: 100
Cash: 900
Rover upgraded to level 2. New cost: 150
Upgraded: Rover to level: 2 with new cost: 150
Rover upgraded to level 3. New cost: 225
Upgraded: Rover to level: 3 with new cost: 225
]]></system-out>
  </testcase>
  <testcase name="testUpgradeRoverThrice" classname="com.miles_collins.MiningControllerTest" time="0.002">
    <failure type="org.opentest4j.AssertionFailedError"><![CDATA[org.opentest4j.AssertionFailedError: expected: <338> but was: <337>
	at com.miles_collins.MiningControllerTest.testUpgradeRoverThrice(MiningControllerTest.java:67)
]]></failure>
    <system-out><![CDATA[Bought: Rover with cost: 100
Cash: 900
Rover upgraded to level 2. New cost: 150
Upgraded: Rover to level: 2 with new cost: 150
Rover upgraded to level 3. New cost: 225
Upgraded: Rover to level: 3 with new cost: 225
Rover upgraded to level 4. New cost: 337
Upgraded: Rover to level: 4 with new cost: 337
]]></system-out>
  </testcase>
</testsuite>