<?xml version="1.0" encoding="UTF-8"?>
<testsuite xmlns:xsi="http://www.w3.org/2001/XMLSchema-instance" xsi:noNamespaceSchemaLocation="https://maven.apache.org/surefire/maven-surefire-plugin/xsd/surefire-test-report-3.0.xsd" version="3.0" name="com.miles_collins.MiningControllerTest" time="0.031" tests="7" errors="0" skipped="0" failures="5">
  <properties>
[...]
</properties>
  <testcase name="testUpgradeRoverWithoutBuying" classname="com.miles_collins.MiningControllerTest" time="0.006">
    <system-out><![CDATA[No rover to upgrade. Please buy a rover first.
]]></system-out>
  </testcase>
  <testcase name="testBuyRoverAfterUpgrades" classname="com.miles_collins.MiningControllerTest" time="0.007">
    <failure type="org.opentest4j.AssertionFailedError"><![CDATA[org.opentest4j.AssertionFailedError: expected: <400> but was: <550>
	at com.miles_collins.MiningControllerTest.testBuyRoverAfterUpgrades(MiningControllerTest.java:103)
]]></failure>
    <system-out><![CDATA[Bought: Rover with cost: 100
Cash: 900
Rover upgraded to level 2. New cost: 150
Upgraded: Rover to level: 2 with new cost: 150
Rover upgraded to level 3. New cost: 225
Upgraded: Rover to level: 3 with new cost: 225
Bought: Rover with cost: 100
Cash: 550
]]></system-out>
  </testcase>
  <testcase name="testBuyRoverWithoutEnoughCash" classname="com.miles_collins.MiningControllerTest" time="0.002">
    <failure type="org.opentest4j.AssertionFailedError"><![CDATA[org.opentest4j.AssertionFailedError: expected: <null> but was: <com.miles_collins.models.items.click.Rover@7722c3c3>
	at com.miles_collins.MiningControllerTest.testBuyRoverWithoutEnoughCash(MiningControllerTest.java:81)
]]></failure>
    <system-out><![CDATA[Not enough cash to buy a rover.
]]></system-out>
  </testcase>
  <testcase name="testUpgradeRover" classname="com.miles_collins.MiningControllerTest" time="0.001">
    <failure type="org.opentest4j.AssertionFailedError"><![CDATA[org.opentest4j.AssertionFailedError: expected: <750> but was: <800>
	at com.miles_collins.MiningControllerTest.testUpgradeRover(MiningControllerTest.java:43)
]]></failure>
    <system-out><![CDATA[Bought: Rover with cost: 100
Cash: 900
Rover upgraded to level 2. New cost: 150
Upgraded: Rover to level: 2 with new cost: 150
]]></system-out>
  </testcase>
  <testcase name="testBuyRover" classname="com.miles_collins.MiningControllerTest" time="0.001">
    <system-out><![CDATA[Bought: Rover with cost: 100
Cash: 900
]]></system-out>
  </testcase>
  <testcase name="testUpgradeRoverTwice" classname="com.miles_collins.MiningControllerTest" time="0.001">
    <failure type="org.opentest4j.AssertionFailedError"><![CDATA[org.opentest4j.AssertionFailedError: expected: <525> but was: <650>
	at com.miles_collins.MiningControllerTest.testUpgradeRoverTwice(MiningControllerTest.java:55)
]]></failure>
    <system-out><![CDATA[Bought: Rover with cost: 100
Cash: 900
Rover upgraded to level 2. New cost: 150
Upgraded: Rover to level: 2 with new cost: 150
Rover upgraded to level 3. New cost: 225
Upgraded: Rover to level: 3 with new cost: 225
]]></system-out>
  </testcase>
  <testcase name="testUpgradeRoverThrice" classname="com.miles_collins.MiningControllerTest" time="0.002">
    <failure type="org.opentest4j.AssertionFailedError"><![CDATA[org.opentest4j.AssertionFailedError: expected: <338> but was: <337>
	at com.miles_collins.MiningControllerTest.testUpgradeRoverThrice(MiningControllerTest.java:67)
]]></failure>
    <system-out><![CDATA[Bought: Rover with cost: 100
Cash: 900
Rover upgraded to level 2. New cost: 150
Upgraded: Rover to level: 2 with new cost: 150
Rover upgraded to level 3. New cost: 225
Upgraded: Rover to level: 3 with new cost: 225
Rover upgraded to level 4. New cost: 337
Upgraded: Rover to level: 4 with new cost: 337
]]></system-out>
  </testcase>
</testsuite>